{"C:\\Users\\eva_8\\Desktop\\βαγγελιτσα\\coding factory\\nodejs mongodb\\CF7-Node\\jestApp\\index.js": {"path":"C:\\Users\\eva_8\\Desktop\\βαγγελιτσα\\coding factory\\nodejs mongodb\\CF7-Node\\jestApp\\index.js","statementMap":{"0":{"start":{"line":1,"column":23},"end":{"line":14,"column":1}},"1":{"start":{"line":3,"column":4},"end":{"line":3,"column":15}},"2":{"start":{"line":6,"column":4},"end":{"line":6,"column":15}},"3":{"start":{"line":9,"column":4},"end":{"line":9,"column":15}},"4":{"start":{"line":12,"column":4},"end":{"line":12,"column":15}},"5":{"start":{"line":16,"column":0},"end":{"line":16,"column":31}}},"fnMap":{"0":{"name":"(anonymous_0)","decl":{"start":{"line":2,"column":7},"end":{"line":2,"column":8}},"loc":{"start":{"line":2,"column":22},"end":{"line":4,"column":3}},"line":2},"1":{"name":"(anonymous_1)","decl":{"start":{"line":5,"column":8},"end":{"line":5,"column":9}},"loc":{"start":{"line":5,"column":21},"end":{"line":7,"column":3}},"line":5},"2":{"name":"(anonymous_2)","decl":{"start":{"line":8,"column":11},"end":{"line":8,"column":12}},"loc":{"start":{"line":8,"column":24},"end":{"line":10,"column":3}},"line":8},"3":{"name":"(anonymous_3)","decl":{"start":{"line":11,"column":10},"end":{"line":11,"column":11}},"loc":{"start":{"line":11,"column":23},"end":{"line":13,"column":3}},"line":11}},"branchMap":{},"s":{"0":1,"1":2,"2":0,"3":0,"4":0,"5":1},"f":{"0":2,"1":0,"2":0,"3":0},"b":{},"_coverageSchema":"1a1c01bbd47fc00a2c39e90264f33305004495a9","hash":"bf13e0f68fc3d7c4166b1acdea92e97338bcaee8"}
}
